[0706/153159.055:INFO:rc_l10n_handler.cc(131)] Language not in the available languages list: en-US
[0706/153159.056:INFO:rc_l10n_handler.cc(137)] Trying language from system preferred list: en-US
[0706/153159.056:INFO:rc_l10n_handler.cc(180)] Retrying after adjustments: en-US
[0706/153159.056:INFO:rc_l10n_handler.cc(137)] Trying language from system preferred list: en
[0706/153221.250:INFO:rc_l10n_handler.cc(131)] Language not in the available languages list: en-US
[0706/153221.250:INFO:rc_l10n_handler.cc(137)] Trying language from system preferred list: en-US
[0706/153221.250:INFO:rc_l10n_handler.cc(180)] Retrying after adjustments: en-US
[0706/153221.250:INFO:rc_l10n_handler.cc(137)] Trying language from system preferred list: en
[0707/174532.968:INFO:rc_l10n_handler.cc(131)] Language not in the available languages list: en-US
[0707/174533.036:INFO:rc_l10n_handler.cc(137)] Trying language from system preferred list: en-US
[0707/174533.036:INFO:rc_l10n_handler.cc(180)] Retrying after adjustments: en-US
[0707/174533.036:INFO:rc_l10n_handler.cc(137)] Trying language from system preferred list: en
[0707/174629.141:INFO:rc_l10n_handler.cc(131)] Language not in the available languages list: en-US
[0707/174629.142:INFO:rc_l10n_handler.cc(137)] Trying language from system preferred list: en-US
[0707/174629.143:INFO:rc_l10n_handler.cc(180)] Retrying after adjustments: en-US
[0707/174629.143:INFO:rc_l10n_handler.cc(137)] Trying language from system preferred list: en
[0711/223505.122:INFO:rc_l10n_handler.cc(131)] Language not in the available languages list: en-US
[0711/223505.122:INFO:rc_l10n_handler.cc(137)] Trying language from system preferred list: en-US
[0711/223505.122:INFO:rc_l10n_handler.cc(180)] Retrying after adjustments: en-US
[0711/223505.123:INFO:rc_l10n_handler.cc(137)] Trying language from system preferred list: en
[0711/223532.543:INFO:rc_l10n_handler.cc(131)] Language not in the available languages list: en-US
[0711/223532.543:INFO:rc_l10n_handler.cc(137)] Trying language from system preferred list: en-US
[0711/223532.543:INFO:rc_l10n_handler.cc(283ei823i22i81978255635 
acd cwer fwthb80)] Retrying after adjustments: en-US
[0711/223532.543:INFO:rc_l10n_handler.cc(137)] Trying language from system preferred list: en
[0713/222313.752:INFO:rc_l10n_handler.cc(131)] Language not in the available languages list: en-US
[0713/222313.752:INFO:rc_l10n_handler.cc(137)] Trying language from system preferred list: en-US
[0713/222313.752:INFO:rc_l10n_handler.cc(180)] Retrying after adjustments: en-US
[0713/222313.752:INFO:rc_l10n_handler.cc(137)] Trying language from system preferred list: en
[0713/222404.985:INFO:rc_l10n_handler.cc(131)] Language not in the available languages list: en-US
[0713/222404.985:INFO:rc_l10n_handler.cc(137)] Trying language from system preferred list: en-US
[0713/222404.985:INFO:rc_l10n_handler.cc(180)] Retrying after adjustments: en-US
[0713/222404.985:INFO:rc_l10n_handler.cc(137)] Trying language from system preferred list: en
[0715/153558.256:INFO:rc_l10n_handler.cc(131)] Language not in the available languages list: en-US
[0715/153558.256:INFO:rc_l10n_handler.cc(137)] Trying language from system preferred list: en-US
[0715/153558.256:INFO:rc_l10n_handler.cc(180)] Retrying after adjustments: en-US
[0715/153558.256:INFO:rc_l10n_handler.cc(137)] Trying language from system preferred list: en
